2024-10-07 10:26:57,542 - INFO - ID de l'analyse: ZGI4NGZhNzE2ZTMxM2FhYjA2OTMwNWRlYmIzMGEyYjc6MTcyODI4OTYxNw==
2024-10-07 10:27:37,977 - INFO - Résultats complets de l'analyse récupérés.
2024-10-07 11:13:31,092 - INFO - ID de l'analyse: NzNmN2E2YTY4ZDE2NjJkZDA0MjQwMjA1NTBjNTJmOWY6MTcyODI5MjQxMA==
2024-10-07 11:17:12,855 - INFO - Complete results for: /home/zeeking/tools/sqlmap/sqlmap.pysuccessfully retrieved
2024-10-07 11:21:46,790 - INFO - ID de l'analyse: NTQ2ZmNiNDgwZTkzMzcwNDBiYmYxZTQ4YzRkZmQ2OWM6MTcyODI5MjkwNg==
2024-10-07 11:22:29,427 - INFO - Complete results for: /home/zeeking/tools/MW-Analyser/main.pysuccessfully retrieved
2024-10-08 11:34:43,343 - INFO - ID de l'analyse: NzdlMDNkYjlhMTU1NmE1MGJhYjZiNGM1NTBiYjlmMGM6MTcyODM4MDA4Mw==
2024-10-08 11:38:15,952 - INFO - Complete results for: /home/zeeking/tools/Froxlor-Authenticated-root-RCE-Exploit/exploit.pysuccessfully retrieved
2024-10-09 12:04:39,746 - INFO - Analysis ID: NGRlMTEwMTgwZmQ2NzQyM2EwYjRhMzBjNjljY2RiNzc6MTcyODQ2ODI3OQ==for:/home/zeeking/tools/slip/requirements.txt
2024-10-09 12:04:39,784 - INFO - Analysis ID: NjQ4MmY5ZDgyNTRmN2Y3NWFmOTZjNjZhMDkwMzFlNjU6MTcyODQ2ODI3OQ==for:/home/zeeking/tools/slip/.gitignore
2024-10-09 12:04:39,788 - INFO - Analysis ID: YTRmZjU3NmZlMjM3OTFhMTczNzlmYzc0Nzg2NDllZDc6MTcyODQ2ODI3OQ==for:/home/zeeking/tools/slip/archive.zip
2024-10-09 12:04:39,788 - INFO - Analysis ID: MDQwMmQyNjY4OWNkNWY0ZjY0MmQxNTAxOWZmNjAxNzM6MTcyODQ2ODI3OQ==for:/home/zeeking/tools/slip/myenv/lib/python3.12/site-packages/texttable.py
2024-10-09 12:04:39,796 - INFO - Analysis ID: MWViYmQzZTM0MjM3YWYyNmRhNWRjMDhhNGU0NDA0NjQ6MTcyODQ2ODI3OQ==for:/home/zeeking/tools/slip/LICENSE
2024-10-09 12:04:39,801 - INFO - Analysis ID: NTlmYmFiYTJlZGM0MzQ0NDk3N2RmOTY5YTVlZDU3YmI6MTcyODQ2ODI3OQ==for:/home/zeeking/tools/slip/README.md
2024-10-09 12:04:39,805 - INFO - Analysis ID: OWNhYTMzOGNkNWE1MjdmNGJkNjYwYzhhMzVhY2FlNjU6MTcyODQ2ODI3OQ==for:/home/zeeking/tools/slip/myenv/lib/python3.12/site-packages/psutil/_psposix.py
2024-10-09 12:04:39,809 - INFO - Analysis ID: ZTUxM2QxNjUzZjA2YjdjYjEwM2MyNjViYmNkMzFhZDk6MTcyODQ2ODI3OQ==for:/home/zeeking/tools/slip/myenv/lib/python3.12/site-packages/brotli.py
2024-10-09 12:04:39,812 - INFO - Analysis ID: ZmJkZWFmMTVhOWU3NDRkMzY3YWQzMmE0Y2VhYWQ5MDc6MTcyODQ2ODI3OQ==for:/home/zeeking/tools/slip/slip.py
2024-10-09 12:04:39,877 - INFO - Analysis ID: NzE3YmQ0OTdhZDI1MzlmN2NlYWE0MGEyNTNmZTZhMzg6MTcyODQ2ODI3OQ==for:/home/zeeking/tools/slip/myenv/pyvenv.cfg
2024-10-09 12:04:39,943 - INFO - Analysis ID: MjU1ZDY4MzczNDlkYzg3YTQ5YzAxNDVkMTgzYzNhY2I6MTcyODQ2ODI3OQ==for:/home/zeeking/tools/slip/path_traversal_dict.txt
2024-10-09 12:05:07,177 - INFO - Analysis ID: MDIwYTdhZmJhYWNmYzllNDdlNmY3ZWE4NWMyZWY5YmE6MTcyODQ2ODMwNg==for:/home/zeeking/tools/slip/myenv/lib/python3.12/site-packages/_brotli.cpython-312-x86_64-linux-gnu.so
2024-10-09 12:05:17,355 - INFO - Complete results for: /home/zeeking/tools/slip/slip.pysuccessfully retrieved
2024-10-09 12:05:18,337 - INFO - Analysis ID: MzViNTI3ZDE5ZWQxMjIxNzZmNzVlYjRiOGVkN2M2YzE6MTcyODQ2ODMxOA==for:/home/zeeking/tools/slip/myenv/lib/python3.12/site-packages/psutil/__init__.py
2024-10-09 12:05:23,158 - INFO - Complete results for: /home/zeeking/tools/slip/myenv/lib/python3.12/site-packages/psutil/_psposix.pysuccessfully retrieved
2024-10-09 12:05:24,446 - INFO - Analysis ID: ODNmNDNiZjU1ZTMzYzlmYzYwODI3NDg3NzRlYWRkZWU6MTcyODQ2ODMyMw==for:/home/zeeking/tools/slip/myenv/lib/python3.12/site-packages/psutil/_psosx.py
2024-10-09 12:05:33,114 - INFO - Complete results for: /home/zeeking/tools/slip/path_traversal_dict.txtsuccessfully retrieved
2024-10-09 12:05:33,809 - INFO - Analysis ID: MjA2ZTI1ZTQ0YWEyNTZiMjlkM2IzMmFhY2Y1MGQwYjA6MTcyODQ2ODMzMw==for:/home/zeeking/tools/slip/myenv/lib/python3.12/site-packages/psutil/_psutil_posix.abi3.so
2024-10-09 12:05:54,660 - INFO - Complete results for: /home/zeeking/tools/slip/README.mdsuccessfully retrieved
2024-10-09 12:05:55,583 - INFO - Analysis ID: ZTg4NmU3MDA4MTRjZDU0OTUxOTdmNDkwM2Q3NDY0ZDg6MTcyODQ2ODM1NQ==for:/home/zeeking/tools/slip/myenv/lib/python3.12/site-packages/psutil/_pslinux.py
2024-10-09 12:06:01,223 - INFO - Complete results for: /home/zeeking/tools/slip/myenv/lib/python3.12/site-packages/psutil/__init__.pysuccessfully retrieved
2024-10-09 12:06:01,763 - INFO - Analysis ID: M2I0MmFkZjU2YWQ2NmI3ZjZiYjhkMmVjMmMxMmJlNGI6MTcyODQ2ODM2MQ==for:/home/zeeking/tools/slip/myenv/lib/python3.12/site-packages/psutil/_psbsd.py
2024-10-09 12:06:25,701 - INFO - Complete results for: /home/zeeking/tools/slip/myenv/pyvenv.cfgsuccessfully retrieved
2024-10-09 12:06:26,571 - INFO - Analysis ID: ZGU0MzE2NDFmNzI1OTRlODEzZDBjYzkzOTM0NzI2NDE6MTcyODQ2ODM4Ng==for:/home/zeeking/tools/slip/myenv/lib/python3.12/site-packages/psutil/_compat.py
2024-10-09 12:06:26,589 - INFO - Complete results for: /home/zeeking/tools/slip/archive.zipsuccessfully retrieved
2024-10-09 12:06:27,562 - INFO - Analysis ID: NGQzYjY0ZTUyOTg2YTU3ZWEwZjUxODdjNjI2OTk1NGE6MTcyODQ2ODM4Nw==for:/home/zeeking/tools/slip/myenv/lib/python3.12/site-packages/psutil/_psutil_linux.abi3.so
2024-10-09 12:06:31,321 - INFO - Complete results for: /home/zeeking/tools/slip/myenv/lib/python3.12/site-packages/brotli.pysuccessfully retrieved
2024-10-09 12:06:31,564 - INFO - Complete results for: /home/zeeking/tools/slip/myenv/lib/python3.12/site-packages/texttable.pysuccessfully retrieved
2024-10-09 12:06:32,009 - INFO - Analysis ID: MzAyZjI1NGUzZTRkZDA5OTdjZDg3OTk5NGM4OWI3YTk6MTcyODQ2ODM5MQ==for:/home/zeeking/tools/slip/myenv/lib/python3.12/site-packages/psutil/_common.py
2024-10-09 12:06:32,228 - INFO - Analysis ID: ZDBiZmFmMjljNWI0ODJjMTc0MjIyNzU0OGI2YTY2NzY6MTcyODQ2ODM5Mg==for:/home/zeeking/tools/slip/myenv/lib/python3.12/site-packages/psutil/_pswindows.py
2024-10-09 12:06:38,769 - INFO - Complete results for: /home/zeeking/tools/slip/myenv/lib/python3.12/site-packages/psutil/_psosx.pysuccessfully retrieved
2024-10-09 12:06:39,318 - INFO - Analysis ID: OTEwNDIxNDEyOTg5NDE3ZDIzOWYzOTc4MDM5ZWI4N2I6MTcyODQ2ODM5OQ==for:/home/zeeking/tools/slip/myenv/lib/python3.12/site-packages/psutil/_psaix.py
2024-10-09 12:06:46,949 - INFO - Complete results for: /home/zeeking/tools/slip/LICENSEsuccessfully retrieved
2024-10-09 12:06:47,605 - INFO - Analysis ID: Zjc2MTg3NWU5YzJjNzNiODk5OWIwMGJmNzRkYmQ3ZDg6MTcyODQ2ODQwNw==for:/home/zeeking/tools/slip/myenv/lib/python3.12/site-packages/psutil/_pssunos.py
2024-10-09 12:06:52,694 - INFO - Complete results for: /home/zeeking/tools/slip/.gitignoresuccessfully retrieved
2024-10-09 12:06:53,244 - INFO - Analysis ID: OWRkZWY0NGFhNzk4MmZiYzFlMGM3ZjM5YmExMTYyN2M6MTcyODQ2ODQxMw==for:/home/zeeking/tools/slip/myenv/lib/python3.12/site-packages/psutil/__pycache__/_compat.cpython-312.pyc
2024-10-09 12:06:58,082 - INFO - Complete results for: /home/zeeking/tools/slip/requirements.txtsuccessfully retrieved
2024-10-09 12:06:58,615 - INFO - Analysis ID: ODFjZmEwMTdhNGY0MzRlY2JjMDg3NTQ1ZjhiOTcwMDY6MTcyODQ2ODQxOA==for:/home/zeeking/tools/slip/myenv/lib/python3.12/site-packages/psutil/__pycache__/_common.cpython-312.pyc
2024-10-09 12:06:58,777 - INFO - Complete results for: /home/zeeking/tools/slip/myenv/lib/python3.12/site-packages/psutil/_common.pysuccessfully retrieved
2024-10-09 12:06:58,860 - INFO - Complete results for: /home/zeeking/tools/slip/myenv/lib/python3.12/site-packages/psutil/_pswindows.pysuccessfully retrieved
2024-10-09 12:06:59,488 - INFO - Analysis ID: Yzc5ZmE0MTI1NjNmYjBlZWQwNGRiZmY5N2Q0M2Q2NWE6MTcyODQ2ODQxOQ==for:/home/zeeking/tools/slip/myenv/lib/python3.12/site-packages/psutil/__pycache__/_psbsd.cpython-312.pyc
2024-10-09 12:06:59,526 - INFO - Analysis ID: MGI2YTc4Njc2NTUwOWUyNWVmZjZmNmRlYTYzNGVmNDA6MTcyODQ2ODQxOQ==for:/home/zeeking/tools/slip/myenv/lib/python3.12/site-packages/psutil/__pycache__/_psaix.cpython-312.pyc
2024-10-09 12:07:09,469 - INFO - Complete results for: /home/zeeking/tools/slip/myenv/lib/python3.12/site-packages/_brotli.cpython-312-x86_64-linux-gnu.sosuccessfully retrieved
2024-10-09 12:07:10,027 - INFO - Analysis ID: NTM2MjgyYWZiYTQxMjM0OTU0YTAwYWZlZjQxNDg0Njg6MTcyODQ2ODQyOQ==for:/home/zeeking/tools/slip/myenv/lib/python3.12/site-packages/psutil/__pycache__/_psosx.cpython-312.pyc
2024-10-09 12:07:14,318 - INFO - Complete results for: /home/zeeking/tools/slip/myenv/lib/python3.12/site-packages/psutil/_compat.pysuccessfully retrieved
2024-10-09 12:07:15,049 - INFO - Analysis ID: N2IyZjA1MWI2MzliOTk3NDE2ZjFiMjNkMTFiNGU0ZWU6MTcyODQ2ODQzNA==for:/home/zeeking/tools/slip/myenv/lib/python3.12/site-packages/psutil/__pycache__/_pswindows.cpython-312.pyc
2024-10-09 12:07:21,074 - INFO - Complete results for: /home/zeeking/tools/slip/myenv/lib/python3.12/site-packages/psutil/_psbsd.pysuccessfully retrieved
2024-10-09 12:07:21,790 - INFO - Analysis ID: ZjBjNzQ1ZGQ3MzhiMzAxMGI5M2JlNzgyMWMzNTI2YWY6MTcyODQ2ODQ0MQ==for:/home/zeeking/tools/slip/myenv/lib/python3.12/site-packages/psutil/__pycache__/_psposix.cpython-312.pyc
2024-10-09 12:07:26,292 - INFO - Complete results for: /home/zeeking/tools/slip/myenv/lib/python3.12/site-packages/psutil/__pycache__/_psbsd.cpython-312.pycsuccessfully retrieved
2024-10-09 12:07:27,032 - INFO - Analysis ID: YzcyZDRhNDYzM2ZjODg3OTY5YzJkZGEwY2E4OTc0ODc6MTcyODQ2ODQ0Ng==for:/home/zeeking/tools/slip/myenv/lib/python3.12/site-packages/psutil/__pycache__/_pslinux.cpython-312.pyc
2024-10-09 12:07:32,621 - INFO - Complete results for: /home/zeeking/tools/slip/myenv/lib/python3.12/site-packages/psutil/_psaix.pysuccessfully retrieved
2024-10-09 12:07:33,355 - INFO - Analysis ID: ZmNjZGEyZjg5YTc0N2Q0ZDRiN2E0YzZhZmE3ODhkMTI6MTcyODQ2ODQ1Mw==for:/home/zeeking/tools/slip/myenv/lib/python3.12/site-packages/psutil/__pycache__/__init__.cpython-312.pyc
2024-10-09 12:07:35,813 - INFO - Complete results for: /home/zeeking/tools/slip/myenv/lib/python3.12/site-packages/psutil/_psutil_posix.abi3.sosuccessfully retrieved
2024-10-09 12:07:36,427 - INFO - Analysis ID: ZmU3Mjk0OTMzZmNmNDE4N2UzMGRiMjM5NTE0ZWYzZjk6MTcyODQ2ODQ1Ng==for:/home/zeeking/tools/slip/myenv/lib/python3.12/site-packages/psutil/__pycache__/_pssunos.cpython-312.pyc
2024-10-09 12:07:46,740 - INFO - Complete results for: /home/zeeking/tools/slip/myenv/lib/python3.12/site-packages/psutil/_pslinux.pysuccessfully retrieved
2024-10-09 12:07:47,347 - INFO - Analysis ID: MjU5MzkzODBhN2QzY2I1MDJjNjQ2NjhiOWUzNTA5YmI6MTcyODQ2ODQ2Nw==for:/home/zeeking/tools/slip/myenv/lib/python3.12/site-packages/psutil/tests/test_process_all.py
2024-10-09 12:08:05,261 - INFO - Complete results for: /home/zeeking/tools/slip/myenv/lib/python3.12/site-packages/psutil/__pycache__/_pslinux.cpython-312.pycsuccessfully retrieved
2024-10-09 12:08:05,817 - INFO - Analysis ID: NGVkMmIyMDc4MTEzNmIyMmYxOTY4NWU2MDM5YzUyYmY6MTcyODQ2ODQ4NQ==for:/home/zeeking/tools/slip/myenv/lib/python3.12/site-packages/psutil/tests/test_bsd.py
2024-10-09 12:08:13,729 - INFO - Complete results for: /home/zeeking/tools/slip/myenv/lib/python3.12/site-packages/psutil/__pycache__/_psosx.cpython-312.pycsuccessfully retrieved
2024-10-09 12:08:14,703 - INFO - Analysis ID: OGJlOWI3OWY1NmY0ZWFkNGRhNzY4YzAzZWM1NGU1YTI6MTcyODQ2ODQ5NA==for:/home/zeeking/tools/slip/myenv/lib/python3.12/site-packages/psutil/tests/__init__.py
2024-10-09 12:08:18,227 - INFO - Complete results for: /home/zeeking/tools/slip/myenv/lib/python3.12/site-packages/psutil/__pycache__/_compat.cpython-312.pycsuccessfully retrieved
2024-10-09 12:08:18,859 - INFO - Analysis ID: MDI0NmFkYzQ1OTlmOTlmNDM2YmMwNzQzYTk5NmExZWY6MTcyODQ2ODQ5OA==for:/home/zeeking/tools/slip/myenv/lib/python3.12/site-packages/psutil/tests/test_misc.py
2024-10-09 12:08:19,421 - INFO - Complete results for: /home/zeeking/tools/slip/myenv/lib/python3.12/site-packages/psutil/tests/test_process_all.pysuccessfully retrieved
2024-10-09 12:08:20,164 - INFO - Analysis ID: ZmM1YTM0N2U3NGZkNjJhZmU2YmVmZjFlMDI2NzQ1ZGE6MTcyODQ2ODUwMA==for:/home/zeeking/tools/slip/myenv/lib/python3.12/site-packages/psutil/tests/test_process.py
2024-10-09 12:08:32,829 - INFO - Complete results for: /home/zeeking/tools/slip/myenv/lib/python3.12/site-packages/psutil/tests/test_bsd.pysuccessfully retrieved
2024-10-09 12:08:33,602 - INFO - Analysis ID: ZGMxNjMxZGY3YzhlMzFlNjkzZTBhYmM5NTc1MjEyOTI6MTcyODQ2ODUxMw==for:/home/zeeking/tools/slip/myenv/lib/python3.12/site-packages/psutil/tests/test_system.py
2024-10-09 12:09:00,303 - INFO - Complete results for: /home/zeeking/tools/slip/myenv/lib/python3.12/site-packages/psutil/tests/test_system.pysuccessfully retrieved
2024-10-09 12:09:00,863 - INFO - Analysis ID: MDEyODI3ZjQxYTEyOTEwY2Y3MjBlMjAyNTVkM2FjZDA6MTcyODQ2ODU0MA==for:/home/zeeking/tools/slip/myenv/lib/python3.12/site-packages/psutil/tests/test_sunos.py
2024-10-09 12:09:13,441 - INFO - Complete results for: /home/zeeking/tools/slip/myenv/lib/python3.12/site-packages/psutil/tests/test_process.pysuccessfully retrieved
2024-10-09 12:09:13,920 - INFO - Analysis ID: ZWUyZmVhOTg4ZTUwNDVjODhhOGU4ZjU0ZjEwMDNlNmU6MTcyODQ2ODU1Mw==for:/home/zeeking/tools/slip/myenv/lib/python3.12/site-packages/psutil/tests/test_osx.py
2024-10-09 12:09:17,820 - INFO - Complete results for: /home/zeeking/tools/slip/myenv/lib/python3.12/site-packages/psutil/__pycache__/_pswindows.cpython-312.pycsuccessfully retrieved
2024-10-09 12:09:18,657 - INFO - Analysis ID: NTE0MWM3MDBkMDBjZDAxMmJhMDMxYmI3ZGY2MTU3MDA6MTcyODQ2ODU1OA==for:/home/zeeking/tools/slip/myenv/lib/python3.12/site-packages/psutil/tests/test_linux.py
2024-10-09 12:09:21,639 - INFO - Complete results for: /home/zeeking/tools/slip/myenv/lib/python3.12/site-packages/psutil/_pssunos.pysuccessfully retrieved
2024-10-09 12:09:22,290 - INFO - Analysis ID: ZjRkZDcwZjhiZmFiOWZiNGRjY2IzZjY0MmNiMmUyOWY6MTcyODQ2ODU2Mg==for:/home/zeeking/tools/slip/myenv/lib/python3.12/site-packages/psutil/tests/test_unicode.py
2024-10-09 12:09:27,954 - INFO - Complete results for: /home/zeeking/tools/slip/myenv/lib/python3.12/site-packages/psutil/_psutil_linux.abi3.sosuccessfully retrieved
2024-10-09 12:09:27,959 - INFO - Complete results for: /home/zeeking/tools/slip/myenv/lib/python3.12/site-packages/psutil/__pycache__/_psaix.cpython-312.pycsuccessfully retrieved
2024-10-09 12:09:28,545 - INFO - Analysis ID: YmNhNjI0YmJiZGJhNWE3MDdiZmQ4ZTBjNDI3MGRlNTA6MTcyODQ2ODU2OA==for:/home/zeeking/tools/slip/myenv/lib/python3.12/site-packages/psutil/tests/__main__.py
2024-10-09 12:09:28,559 - INFO - Analysis ID: YTk3OWRlYTAzMjk1NTBlMzRmOThkZTJkZGNlM2U4YmQ6MTcyODQ2ODU2OA==for:/home/zeeking/tools/slip/myenv/lib/python3.12/site-packages/psutil/tests/test_windows.py
2024-10-09 12:09:30,403 - INFO - Complete results for: /home/zeeking/tools/slip/myenv/lib/python3.12/site-packages/psutil/__pycache__/__init__.cpython-312.pycsuccessfully retrieved
2024-10-09 12:09:30,987 - INFO - Analysis ID: ZjljOTZmN2ZkYjVkZGU2MTI4M2Y0YjQ2OTk4NmNkOWM6MTcyODQ2ODU3MA==for:/home/zeeking/tools/slip/myenv/lib/python3.12/site-packages/psutil/tests/runner.py
2024-10-09 12:09:39,816 - INFO - Complete results for: /home/zeeking/tools/slip/myenv/lib/python3.12/site-packages/psutil/__pycache__/_psposix.cpython-312.pycsuccessfully retrieved
2024-10-09 12:09:40,344 - INFO - Analysis ID: YmNlNTNlMWNjN2UzODM4ZDVjZjZmZmMxYzE3NTQ3NGU6MTcyODQ2ODU4MA==for:/home/zeeking/tools/slip/myenv/lib/python3.12/site-packages/psutil/tests/test_connections.py
2024-10-09 12:09:50,218 - INFO - Complete results for: /home/zeeking/tools/slip/myenv/lib/python3.12/site-packages/psutil/tests/__main__.pysuccessfully retrieved
2024-10-09 12:09:50,908 - INFO - Analysis ID: NDU1OTQ1NmZkMWIxZjY1MjE3NTc2NTRkYTg1ZTc2NzE6MTcyODQ2ODU5MA==for:/home/zeeking/tools/slip/myenv/lib/python3.12/site-packages/psutil/tests/test_posix.py
2024-10-09 12:09:56,137 - INFO - Complete results for: /home/zeeking/tools/slip/myenv/lib/python3.12/site-packages/psutil/tests/test_linux.pysuccessfully retrieved
2024-10-09 12:09:56,857 - INFO - Analysis ID: NGU2ZDIzMjk1NzVjZWNjNWYyMTU1MzkwMTdhYjU3YWY6MTcyODQ2ODU5Ng==for:/home/zeeking/tools/slip/myenv/lib/python3.12/site-packages/psutil/tests/test_memleaks.py
2024-10-09 12:10:01,163 - INFO - Complete results for: /home/zeeking/tools/slip/myenv/lib/python3.12/site-packages/psutil/tests/__init__.pysuccessfully retrieved
2024-10-09 12:10:01,857 - INFO - Analysis ID: NWQxODRiYzRlZThiZTM0ZWM3ZTQwNzE5MmRhMDRjMzk6MTcyODQ2ODYwMQ==for:/home/zeeking/tools/slip/myenv/lib/python3.12/site-packages/psutil/tests/test_testutils.py
2024-10-09 12:10:09,485 - INFO - Complete results for: /home/zeeking/tools/slip/myenv/lib/python3.12/site-packages/psutil/__pycache__/_common.cpython-312.pycsuccessfully retrieved
2024-10-09 12:10:10,192 - INFO - Analysis ID: YTEyOTM5YmNmMzM4OTk2YWE3YmEwYTI5MjgzNDUyODc6MTcyODQ2ODYwOQ==for:/home/zeeking/tools/slip/myenv/lib/python3.12/site-packages/psutil/tests/test_aix.py
2024-10-09 12:10:12,991 - INFO - Complete results for: /home/zeeking/tools/slip/myenv/lib/python3.12/site-packages/psutil/tests/test_osx.pysuccessfully retrieved
2024-10-09 12:10:13,481 - INFO - Analysis ID: M2Q3YjJiOTEwMWNkMjE4ZTJiYWM3YWY5ZTkwODMzOGY6MTcyODQ2ODYxMw==for:/home/zeeking/tools/slip/myenv/lib/python3.12/site-packages/psutil/tests/test_contracts.py
2024-10-09 12:10:23,365 - INFO - Complete results for: /home/zeeking/tools/slip/myenv/lib/python3.12/site-packages/psutil/tests/test_testutils.pysuccessfully retrieved
2024-10-09 12:10:23,649 - INFO - Complete results for: /home/zeeking/tools/slip/myenv/lib/python3.12/site-packages/psutil/tests/test_memleaks.pysuccessfully retrieved
2024-10-09 12:10:24,241 - INFO - Analysis ID: Yjk4ZDA0NjcxMTU2M2VlNzMwNjY0Y2UxMzM1YmMwZWQ6MTcyODQ2ODYyNA==for:/home/zeeking/tools/slip/myenv/lib/python3.12/site-packages/psutil/tests/__pycache__/test_process_all.cpython-312.pyc
2024-10-09 12:10:24,309 - INFO - Analysis ID: MWQxMmJjY2ZmMGYxODcyNmM5MmUwOWI4ODAxMDc1NmE6MTcyODQ2ODYyNA==for:/home/zeeking/tools/slip/myenv/lib/python3.12/site-packages/psutil/tests/__pycache__/test_process.cpython-312.pyc
2024-10-09 12:10:27,230 - INFO - Complete results for: /home/zeeking/tools/slip/myenv/lib/python3.12/site-packages/psutil/tests/test_windows.pysuccessfully retrieved
2024-10-09 12:10:27,851 - INFO - Analysis ID: Mjc2M2M2YjM2YTc0ODAwM2I3ZGY5NDVjODFhNjdmYjQ6MTcyODQ2ODYyNw==for:/home/zeeking/tools/slip/myenv/lib/python3.12/site-packages/psutil/tests/__pycache__/test_contracts.cpython-312.pyc
2024-10-09 12:10:34,270 - INFO - Complete results for: /home/zeeking/tools/slip/myenv/lib/python3.12/site-packages/psutil/tests/test_connections.pysuccessfully retrieved
2024-10-09 12:10:35,098 - INFO - Analysis ID: OWZmODZlMWU0NDUxZTNmZDc5YzgxMGQ3MjdlMjhlNjQ6MTcyODQ2ODYzNA==for:/home/zeeking/tools/slip/myenv/lib/python3.12/site-packages/psutil/tests/__pycache__/test_sunos.cpython-312.pyc
2024-10-09 12:10:58,062 - INFO - Complete results for: /home/zeeking/tools/slip/myenv/lib/python3.12/site-packages/psutil/tests/test_sunos.pysuccessfully retrieved
2024-10-09 12:10:58,678 - INFO - Analysis ID: M2ViMmVhMmU1NDdjMjcwYWVjNjI4NGE5NDc5NWI0M2Q6MTcyODQ2ODY1OA==for:/home/zeeking/tools/slip/myenv/lib/python3.12/site-packages/psutil/tests/__pycache__/test_bsd.cpython-312.pyc
2024-10-09 12:10:59,687 - INFO - Complete results for: /home/zeeking/tools/slip/myenv/lib/python3.12/site-packages/psutil/tests/test_posix.pysuccessfully retrieved
2024-10-09 12:11:00,611 - INFO - Analysis ID: YWZhNzBkYzc0OWYxYmYwYmJjYmIyZWNkZWY2NjY1ZTY6MTcyODQ2ODY2MA==for:/home/zeeking/tools/slip/myenv/lib/python3.12/site-packages/psutil/tests/__pycache__/test_system.cpython-312.pyc
2024-10-09 12:11:01,681 - INFO - Complete results for: /home/zeeking/tools/slip/myenv/lib/python3.12/site-packages/psutil/tests/__pycache__/test_process_all.cpython-312.pycsuccessfully retrieved
2024-10-09 12:11:02,256 - INFO - Analysis ID: NTlmNzNlNGEwYTQzZGI2NTMxMDkwNDViZTVmOGQ4NTI6MTcyODQ2ODY2Mg==for:/home/zeeking/tools/slip/myenv/lib/python3.12/site-packages/psutil/tests/__pycache__/test_osx.cpython-312.pyc
2024-10-09 12:11:07,026 - INFO - Complete results for: /home/zeeking/tools/slip/myenv/lib/python3.12/site-packages/psutil/tests/__pycache__/test_sunos.cpython-312.pycsuccessfully retrieved
2024-10-09 12:11:07,801 - INFO - Analysis ID: ODQ2OTIwMTllNTVmZTViYzY5ZDg4YWNlZWEzNTYwMzA6MTcyODQ2ODY2Nw==for:/home/zeeking/tools/slip/myenv/lib/python3.12/site-packages/psutil/tests/__pycache__/__main__.cpython-312.pyc
2024-10-09 12:11:19,279 - INFO - Complete results for: /home/zeeking/tools/slip/myenv/lib/python3.12/site-packages/psutil/tests/test_misc.pysuccessfully retrieved
2024-10-09 12:11:19,518 - INFO - Complete results for: /home/zeeking/tools/slip/myenv/lib/python3.12/site-packages/psutil/tests/test_aix.pysuccessfully retrieved
2024-10-09 12:11:19,944 - INFO - Analysis ID: Nzg2NzkyNmYzNDE3NjIyZDZlODJiYjI1ODYzNjVkMWY6MTcyODQ2ODY3OQ==for:/home/zeeking/tools/slip/myenv/lib/python3.12/site-packages/psutil/tests/__pycache__/test_aix.cpython-312.pyc
2024-10-09 12:11:20,299 - INFO - Analysis ID: ZTBiNTgxYmNkNzY2YThjMWMxNDhjMjM4NTBiODI0NjA6MTcyODQ2ODY4MA==for:/home/zeeking/tools/slip/myenv/lib/python3.12/site-packages/psutil/tests/__pycache__/test_windows.cpython-312.pyc
2024-10-09 12:11:28,348 - INFO - Complete results for: /home/zeeking/tools/slip/myenv/lib/python3.12/site-packages/psutil/tests/runner.pysuccessfully retrieved
2024-10-09 12:11:28,894 - INFO - Analysis ID: NDUzN2NlOGMzNGE4MTAwYjU0NmM3NDYyNDM3ZDAzNWE6MTcyODQ2ODY4OA==for:/home/zeeking/tools/slip/myenv/lib/python3.12/site-packages/psutil/tests/__pycache__/test_unicode.cpython-312.pyc
2024-10-09 12:11:29,087 - INFO - Complete results for: /home/zeeking/tools/slip/myenv/lib/python3.12/site-packages/psutil/tests/__pycache__/test_osx.cpython-312.pycsuccessfully retrieved
2024-10-09 12:11:29,720 - INFO - Analysis ID: ZjQ5MzQxYzI0M2RmZjc2ZjEwNzMwNTY3OTRlNmE4Y2Y6MTcyODQ2ODY4OQ==for:/home/zeeking/tools/slip/myenv/lib/python3.12/site-packages/psutil/tests/__pycache__/test_posix.cpython-312.pyc
2024-10-09 12:11:38,811 - INFO - Complete results for: /home/zeeking/tools/slip/myenv/lib/python3.12/site-packages/psutil/tests/__pycache__/test_process.cpython-312.pycsuccessfully retrieved
2024-10-09 12:11:39,553 - INFO - Analysis ID: NjQyOGU5YzYyN2EzYmE4MTAxYzkyZDE2YmJkMjQ1OTY6MTcyODQ2ODY5OQ==for:/home/zeeking/tools/slip/myenv/lib/python3.12/site-packages/psutil/tests/__pycache__/test_misc.cpython-312.pyc
2024-10-09 12:11:40,028 - INFO - Complete results for: /home/zeeking/tools/slip/myenv/lib/python3.12/site-packages/psutil/tests/__pycache__/__main__.cpython-312.pycsuccessfully retrieved
2024-10-09 12:11:40,876 - INFO - Analysis ID: ZjZjZmYyMjM0MGZmY2YzMzZiZGRiMGJhZjg5MTM0YmM6MTcyODQ2ODcwMA==for:/home/zeeking/tools/slip/myenv/lib/python3.12/site-packages/psutil/tests/__pycache__/__init__.cpython-312.pyc
2024-10-09 12:24:39,673 - INFO - ID de l'analyse: ZGI4NGZhNzE2ZTMxM2FhYjA2OTMwNWRlYmIzMGEyYjc6MTcyODQ2OTQ3OQ==
2024-10-09 12:25:20,208 - INFO - ID de l'analyse: ZGI4NGZhNzE2ZTMxM2FhYjA2OTMwNWRlYmIzMGEyYjc6MTcyODQ2OTQ3OQ==
2024-10-09 12:26:12,510 - INFO - ID de l'analyse: ZGI4NGZhNzE2ZTMxM2FhYjA2OTMwNWRlYmIzMGEyYjc6MTcyODQ2OTQ3OQ==
2024-10-09 12:41:43,072 - INFO - ID de l'analyse: MDU3NzlmMDJhYWQ4YzY4ZmY5YzRlZjQ0MzFlMGMzYTU6MTcyODQ3MDUwMg==
2024-10-10 02:00:01,367 - INFO - Complete results for: /home/zeeking/tools/MW-Analyser/main.pysuccessfully retrieved
2024-10-11 12:04:04,383 - INFO - ID de l'analyse: Mjk3MDZjNDNlOWNkMGQzY2JjNTk0MGRlOTFiNDZjN2M6MTcyODY0MTA0NA==
2024-10-11 12:04:28,005 - INFO - Complete results for: /home/zeeking/Documents/python-train/learn1.pysuccessfully retrieved
2024-10-11 12:26:17,745 - INFO - ID de l'analyse: ZDU3YjJjMTUzYTkzZjdiNDQ4MDI3NDE4YzM1NmM1YWY6MTcyODY0MjM3Nw==
2024-10-11 12:28:02,005 - INFO - Complete results for: /home/zeeking/tools/MW-Analyser/main.pysuccessfully retrieved
2024-10-11 12:31:45,284 - INFO - ID de l'analyse: ZjI2NThlNDM1MTgzZDIxOWU3MDg2M2I5MWQ2Mjk3NTA6MTcyODY0MjcwNA==
2024-10-11 12:33:40,697 - INFO - Complete results for: /home/zeeking/tools/MW-Analyser/main.pysuccessfully retrieved
2024-10-11 12:36:06,268 - INFO - ID de l'analyse: ODZlZDBiNjE4NjE1YmFkOTQ3NDA0YTM0NTU5YzA0YWQ6MTcyODY0Mjk2Ng==
2024-10-11 12:37:57,790 - INFO - Complete results for: /home/zeeking/tools/MW-Analyser/flow.drawiosuccessfully retrieved
2024-10-11 12:41:38,255 - INFO - ID de l'analyse: NjQyZGRkM2MyOGNjMTQ2NTI1MjMyNjA1OTBiOWY1YjM6MTcyODY0MzI5OA==
2024-10-11 12:42:14,201 - INFO - Complete results for: /home/zeeking/tools/MW-Analyser/requirements.txtsuccessfully retrieved
2024-10-11 12:45:15,575 - INFO - ID de l'analyse: NjQyZGRkM2MyOGNjMTQ2NTI1MjMyNjA1OTBiOWY1YjM6MTcyODY0MzI5OA==
2024-10-11 12:45:15,917 - INFO - Complete results for: /home/zeeking/tools/MW-Analyser/requirements.txtsuccessfully retrieved
2024-10-11 12:46:12,294 - INFO - ID de l'analyse: NjQyZGRkM2MyOGNjMTQ2NTI1MjMyNjA1OTBiOWY1YjM6MTcyODY0MzI5OA==
2024-10-11 12:46:12,577 - INFO - Complete results for: /home/zeeking/tools/MW-Analyser/requirements.txtsuccessfully retrieved
2024-10-11 12:47:10,123 - INFO - ID de l'analyse: NjQyZGRkM2MyOGNjMTQ2NTI1MjMyNjA1OTBiOWY1YjM6MTcyODY0MzI5OA==
2024-10-11 12:47:11,546 - INFO - Complete results for: /home/zeeking/tools/MW-Analyser/requirements.txtsuccessfully retrieved
2024-10-11 12:47:51,672 - INFO - ID de l'analyse: NjQyZGRkM2MyOGNjMTQ2NTI1MjMyNjA1OTBiOWY1YjM6MTcyODY0MzI5OA==
2024-10-11 12:47:52,001 - INFO - Complete results for: /home/zeeking/tools/MW-Analyser/requirements.txtsuccessfully retrieved
2024-10-14 11:53:03,661 - INFO - ID de l'analyse: NjQyZGRkM2MyOGNjMTQ2NTI1MjMyNjA1OTBiOWY1YjM6MTcyODg5OTU4Mw==
2024-10-14 11:53:45,402 - INFO - Complete results for: /home/zeeking/tools/MW-Analyser/requirements.txtsuccessfully retrieved
2024-10-14 12:01:26,392 - INFO - ID de l'analyse: NjQyZGRkM2MyOGNjMTQ2NTI1MjMyNjA1OTBiOWY1YjM6MTcyODg5OTU4Mw==
2024-10-14 12:01:26,393 - INFO - Error while analysing: name 'Halo' is not defined
2024-10-14 12:02:13,226 - INFO - ID de l'analyse: NjQyZGRkM2MyOGNjMTQ2NTI1MjMyNjA1OTBiOWY1YjM6MTcyODg5OTU4Mw==
2024-10-14 12:02:13,791 - INFO - Complete results for: /home/zeeking/tools/MW-Analyser/requirements.txt successfully retrieved
2024-10-14 12:02:21,463 - INFO - ID de l'analyse: YzUyOGIwNzY4NWQwZjQ5OTc4NGVjYzIwNjYxNWI3NTg6MTcyODkwMDE0MQ==
2024-10-14 12:05:18,240 - INFO - Complete results for: /home/zeeking/tools/MW-Analyser/main.py successfully retrieved
